Aspect 0:
국밥집 힘 허다 깨다 내려가다 브라질 인도 나르다 레시피 냐 여우 여러가지 연 군침 보양 최고다 건강 만으로 어찌나 멕시칸 새다 쌓이다 커피빈 역대 투박하다 발 또는 타바 겐 대박나다 공차 천원 동남아 면서 계 카드 떼다 가이드 구입 방향 제발 편견 씻다 길이 제품 칸 집의 슬프다 녀석 등장 논 퀸 냄비 3000원 촬영 골 종이 계절 라무 형제 실제 막다 트리 이즈 바람 놈 선 식탁 불가 끼니 바베큐 호텔 겁나다 이란 기계 떠올리다 위로 도르다 선보이다 베이 독일 정보 콜라 라인업 켜다 타우 반면 틀다 딱좋다 순식간 내리다 씨 프렌치 노력 아기 데이 홍콩 현장 뉴욕 몇개

Aspect 1:
오전 2시 이전 영업 아직 8시 분점 만석 본점 끝나다 닫다 피해 기간 마감 삼청 12시 코로나 오는 금요일 언 한지 4시 지나다 이후 5분 가까이 기회 토요일 40분 시간대 이르다 2시간 테이크아웃 애매하다 바라다 인하다 꾸준하다 별관 벌써 걸다 15분 포기 직전 망플 일요일 실패하다 나들이 10분 등록 디너 9시 점도 월요일 점심때 멀다 세우다 위해 워 갑자기 블루보틀 뚫다 겨울 한옥마을 1시 생기 옮기다 점심식사 여유롭다 런 만에 마주 특선 가치 돌아다니다 가야 시국 연남 블로그 전에 스타벅스 계획 에서도 시스템 원점 불편 이제야 공지 약속 노포 주민 변 핫플 바글바글 몇번 바뀌다 잡고 구석 탓 당시 서기

Aspect 2:
감칠맛 단맛 특유 은은하다 감다 씹다 밉다 풍 담백하다 씹히다 풍미가 깊다 달콤하다 촉촉하다 조화롭다 고소하다 짭짤하다 풍부하다 과일 가득하다 상큼 코코넛 진하다 속 섞이다 육수 조화 땅콩 덕 식감 자극적 산미 달콤 더하다 생크림 바삭하다 끝맛 밸런스 입안 육즙 겉 녹다 크리미 닭 시트 쫀득 기름 적절하다 달다 성하다 도우 긋다 달달 비리다 사골 강하다 베이스 연하다 가득 느껴지다 살살 덜 향신료 듬뿍 솔솔 텁텁 버터 팥 삭 얇다 칼칼하다 조합 커스터드 사르르 바디 퍼지다 부드러움 닭고기 살리다 냄새 뒷맛 보다는 부드럽다 기르다 새콤하다 튀다 단호박 쌉싸름하다 아이스크림 익히다 튀기다 맑은 간이 중간 이지 신맛 짠맛 심심하다 슴슴 개운하다

Aspect 3:
고구마 커리 파 반숙 게살 갈릭 떡 관자 양파 비빔면 소고기 고추 닭가슴살 크림소스 체다 전복 피클 다지다 문어 수란 사워크림 타 살 불고기 햄 스프 가루 절임 베다 노른자 모짜렐라 무스 포테이토 코타 돼지고기 부라타 수프 크림치즈 생 먹물 잼 뇨 바질페스토 퓨레 오일 해물 팥 미트볼 고추장 목살 항정 생선 시금치 숙주 얹다 바게트 옥수수 새우다 안심 스파게티 토마토소스 꼬들꼬들하다 쫀득쫀득 수비드 부추 패티 아보카도 참치 사르르 통통하다 울다 칠리 오이 블루 리코 두부 들기름 팟타이 닭 메밀 발라 당근 섞다 살살 구이 생면 쌀 떡볶이 유부초밥 소세지 시트 올리다 올리브 명란 오징어 바나나 라즈베리 볶음 듬뿍 토핑

Aspect 4:
테라스 넓다 공간 매장 간격 가게 내부 조용하다 야외 의자 좁다 쾌적하다 좌석 화장실 실내 불편하다 편하다 앉다 아담하다 자리 아늑하다 편안하다 주차 룸 보이다 자리다 외관 여유 뷰 날씨 건물 깨끗하다 장소 테이블 들어오다 단체 루프탑 아기자기하다 널찍하다 회식 모임 이야기 소품 조명 혼밥 직하다 안쪽 창가 외부 마당 협소해 꾸미다 주차장 힙한 대화 식물 협소 바 시끄럽다 입구 음악 거리 작다 작고 빈티지 협소하다 우드 운영 한적하다 옆 나누기 주방 규모 바깥 멋지다 차분하다 지하 예쁘다 좌 감성 반지하 분위기 골목 밖 톤 노을 이용 구조 레스토랑 공부 구경 인테리어 오래 정원 노출 머물다 유리 나가다 청결하다 팅

Aspect 5:
박히다 그나마 소프트 팬케이크 납작 리얼 배추김치 애호박 내용물 깔리다 차갑다 텍스쳐 교 덩어리 합 마요 육전 예술 으 광어 겹 똠양꿍 뱃살 향기 르 보나 2천원 만둣국 핑크 드럽다 된장국 후라이드 돋다 신하 생맥 육개장 입천장 와의 일식 개취 로동 완 붉다 득 아삭아삭 과자 마이 러스크 열무 의외로 쉘 포인트 하고도 제주 하얗다 평양 알리오 발사믹 콘치즈 어묵 닭다리 찹쌀 스트 주스 냉장고 슬 슈 틀다 프레 약과 리지 플레인 강조 삼치 칼 숯불 톡톡 냉동 배추 생소하다 절 츠 풀다 소시지 보쌈 단팥죽 치즈케이크 낙지 시래기 닭볶음탕 통닭 시큼하다 롤 소주 쫌 놀랍다 결 비트 한우 큼지막하다

Aspect 6:
써주다 빠르다 선물 아저씨 덕분 틀어주다 잘생기다 기념일 장님 알바생 대접 분도 감사 즐겁다 서도 더럽다 세심 신다 대해 목소리 너무나도 주인 인사 대응 센스 감사하다 모습 챙기다 표정 마스크 종업원 해주시 배려 셔 얘기 차분하다 내내 관리 로봇 신경 소리 끼리 심 이벤트 갖다 점원 와중 자세하다 맞이 알바 응대 나누기 아주머니 스럽게 연락 외국 이야기 밝다 클래스 좋아지다 감동 불쾌하다 교육 속도 어르신 에게도 아보 바리스타 입다 필요하다 안좋다 태도 떨다 연인 내주다 말씀드리다 채광 수다 혼술 어머니 행복하다 아시 대접받다 연말 친절 커플 서버 대한 와인잔 식기 보내다 드레스 할머니 고객 어른 신분 도와주다 가져다주다 말투 소개팅

Aspect 7:
가면 점심 회사 저녁 일찍 지나가다 길 찾아가다 드디어 들리다 낮 들르다 오후 다녀오다 종종 토요일 평일 두번째 주변 방문 일이 5시 점심시간 찾다 6시 갈다 쯤 가보다 생기다 3시 간 이미 일요일 브레이크 다시 근처 서다 우연히 에도 1시 검색 단골 도착 마침 만석 자주 오전 주말 11시 본점 예정 일주일 이용 이후 7시 타임 해보다 놀다 무조건 12시 다시다 기회 서울숲 지나다 산책 인스타 네이버 굳이 만에 가다 2시 걸다 날 삼청동 안국 앞 한번 나들이 직장인 벌써 궁금하다 2년 째 쪽 코로나 이제 영업 성수 서서 세번 다니다 음식점 금요일 1시간 이대 10분 학교 대기 이제야 30분

Aspect 8:
군침 보양 틀다 떼다 입천장 겐 콘치즈 붉다 합 막다 프렌치 개취 국밥집 허다 브라질 쌓이다 단팥죽 교촌 인도 제발 종이 투박하다 즉석 리아 이즈 구입 어찌나 논 로동 닭갈비 건강 발 새다 냄비 집의 칼 돌 수박 놈 로스 란 바베큐 퀸 소프트 여러가지 켜다 생소하다 냐 냉동 핑크 레시피 쭉쭉 위로 쫌 내려가다 순살 씨 생맥 커피빈 콜라 형제 타우 칸 방어 떠올리다 숟가락 르 편견 공차 트리 슬러쉬 안타깝다 마찬가지 째다 타바 교 깨다 방향 로는 시식 비빔냉면 역대 실패 사로자다 마냥 3000원 라니 통닭 실제 거치다 초 만으로 국내 마이 오리고기 힘 계절 득 끌리다 프라이

Aspect 9:
인분 세 이서 여러 000원 종 총 500원 단계 호점 개 명 차로 출구 별 원 최근방문 21년 대다 22년 품 두 인석 가지 평점 일월 유즈 번째 한정 반 판매 딤섬 최초 씩 성수역 한개 시그니처 사이즈 군데 서울 베스트 구매 부문 선택 메인 최근 번 점 도넛 오설록 빙수 3월 필수 개다 한판 3분 피스 대표 런치 현재 고르다 순위 째 시 가능 성동구 종로 그라탕 계단 잔 9월 아마도 약 석 한두 오코노미야끼 라는 휴무 내쉬빌 번가 청담 핫한 궁 동 에서만 메뉴인 블랜드 원두 맛보다 가능하다 팀 세트 코스 참깨 통 벌써 말고 평 에스프레소 베이글

Aspect 10:
께서 친절하다 응대 께 설명 감사하다 해주다 남자 불친절하다 점장님 주인 심 서빙 친절 분들 해주시 알바 서비스 직접 자세하다 여자 서버 교육 계시다 직원 분 아주머니 분도 장님 종업원 대해 알바생 센스 바리스타 써주다 안내 한테 아저씨 주방 바쁘다 물어보다 홀 챙기다 주시 덕분 감사 연락 표정 신경 즐겁다 받다 점원 말씀 셔 잘생기다 대한 틀어주다 매니저 마스크 목소리 선물 빠르다 인지 와중 인사 접객 요청 감동 대응 추하다 이모 쓰다 태도 얘기 세심 음식 출신 서도 너무나도 여성 어머니 주다 배려 언니 신다 할머니 강 귀엽다 쉐프 대접 솜씨 도와주다 기분 정성 더럽다 계산 짱짱 말투 말씀드리다 보이다

Aspect 11:
가격대 비다 퀄리티 저렴하다 비싸다 싸다 착하다 대비 양은 가 가격대비 편 값 편이 전반적 사악하다 만큼 9000원 적지 그만큼 펴다 꽤 질도 크기 자체 푸다 저렴 은근 괜찮다 줄어들다 물가 도 합리적 품질 솔직하다 부담스럽다 가격 가성비다 별로 넉넉하다 치고는 이라니 8000원 편입 나름 대체로 블 구성 이정 평이 무난 몹시 혜자 퀄 치고 훌륭하다 부족하다 맛없다 근데 류 쎄다 만원 부담 커서 엄청나다 전체적 그리다 수준 충분하다 세지 뭣 그럭저럭 세다 히 적당 특색 올라서다 안주 그치다 평범 말고는 회전율 갈비 포만 만으로도 적다 그닥 보통 비 지지 무난하다 움 벌레 붙다 그렇게 빼다 8천원 기름기 번잡 시끌벅적하다

Aspect 12:
계란 간장 버섯 감자 튀김 새우 마늘 토마토 오징어 카레 올리다 얹다 치킨 바질 볶음 양념 베이컨 트러플 햄 리조또 살 양파 아보카도 소스 익히다 육수 패티 소고기 뿌리다 와사비 치즈 튀기다 명란 고수 얇다 샐러드 토핑 닭 오일 도우 문어 고추 겉 스프 커리 살살 듬뿍 녹다 스테이크 넣다 바삭하다 매콤 연어 칼국수 버터 야채 참치 고구마 촉촉하다 만두 베이스 떡 닭고기 아이스크림 체다 떡볶이 피클 반숙 중간 크림치즈 차슈 타 리가토니 리코 조합 노른자 바삭 사르르 모짜렐라 깻잎 크리미 육즙 식감 우동 폼 채소 기르다 사리 부드럽다 해물 국수 수란 게살 감칠맛 돼지고기 베다 숙주 잼 땅콩 코타

Aspect 13:
뭐 없이 어쩔 수도 전혀 기대 걱정 건 충분하다 남다 지다 ㅇㅇ 지도 아깝다 아쉬움 끝 빠지다 크게 건가 거 절대 특출나다 런가 수가 평소 지나치다 예상 실망하다 기대하다 그렇게 금방 거부 딱하다 아무 후회 버리다 도저히 굳이 엄청나다 물리다 입맛 납득 인가 줄이다 한가하다 예전 데 보지 줄어들다 지는 호불호 내 평가 갈릴 낯설다 정도 신라면 가치 그게 그렇다 심하다 특별하다 순 ㅋㅋ 거슬리다 접 뿐 말르다 그냥 이제 서서 20분 그건 그렇다고 이해 부담 가야 필요 품절 이렇게 뒤 썩 돌아오다 나은 원래 한두 정확하다 싫다 혀 1시간 기다 제대로 이유 밖에 그런 물리 부족하다 돼다 파리 기준

